This is pdfTeX, Version 3.1415926-2.3-1.40.12 (TeX Live 2011) (format=pdflatex 2011.7.3)  19 SEP 2012 12:29
entering extended mode
 \write18 enabled.
 file:line:error style messages enabled.
 %&-line parsing enabled.
**A_WS.tex
(./A_WS.tex
LaTeX2e <2009/09/24>
Babel <v3.8l> and hyphenation patterns for english, dumylang, nohyphenation, ge
rman-x-2009-06-19, ngerman-x-2009-06-19, afrikaans, ancientgreek, ibycus, arabi
c, armenian, basque, bulgarian, catalan, pinyin, coptic, croatian, czech, danis
h, dutch, ukenglish, usenglishmax, esperanto, estonian, ethiopic, farsi, finnis
h, french, galician, german, ngerman, swissgerman, monogreek, greek, hungarian,
 icelandic, assamese, bengali, gujarati, hindi, kannada, malayalam, marathi, or
iya, panjabi, tamil, telugu, indonesian, interlingua, irish, italian, kurmanji,
 lao, latin, latvian, lithuanian, mongolian, mongolianlmc, bokmal, nynorsk, pol
ish, portuguese, romanian, russian, sanskrit, serbian, serbianc, slovak, sloven
ian, spanish, swedish, turkish, turkmen, ukrainian, uppersorbian, welsh, loaded
.
(/usr/local/texlive/2011/texmf-dist/tex/latex/base/book.cls
Document Class: book 2007/10/19 v1.4h Standard LaTeX document class
(/usr/local/texlive/2011/texmf-dist/tex/latex/base/bk11.clo
File: bk11.clo 2007/10/19 v1.4h Standard LaTeX file (size option)
)
\c@part=\count79
\c@chapter=\count80
\c@section=\count81
\c@subsection=\count82
\c@subsubsection=\count83
\c@paragraph=\count84
\c@subparagraph=\count85
\c@figure=\count86
\c@table=\count87
\abovecaptionskip=\skip41
\belowcaptionskip=\skip42
\bibindent=\dimen102
) (./AAWS.sty
(/usr/local/texlive/2011/texmf-dist/tex/latex/amsmath/amsmath.sty
Package: amsmath 2000/07/18 v2.13 AMS math features
\@mathmargin=\skip43

For additional information on amsmath, use the `?' option.
(/usr/local/texlive/2011/texmf-dist/tex/latex/amsmath/amstext.sty
Package: amstext 2000/06/29 v2.01

(/usr/local/texlive/2011/texmf-dist/tex/latex/amsmath/amsgen.sty
File: amsgen.sty 1999/11/30 v2.0
\@emptytoks=\toks14
\ex@=\dimen103
))
(/usr/local/texlive/2011/texmf-dist/tex/latex/amsmath/amsbsy.sty
Package: amsbsy 1999/11/29 v1.2d
\pmbraise@=\dimen104
)
(/usr/local/texlive/2011/texmf-dist/tex/latex/amsmath/amsopn.sty
Package: amsopn 1999/12/14 v2.01 operator names
)
\inf@bad=\count88
LaTeX Info: Redefining \frac on input line 211.
\uproot@=\count89
\leftroot@=\count90
LaTeX Info: Redefining \overline on input line 307.
\classnum@=\count91
\DOTSCASE@=\count92
LaTeX Info: Redefining \ldots on input line 379.
LaTeX Info: Redefining \dots on input line 382.
LaTeX Info: Redefining \cdots on input line 467.
\Mathstrutbox@=\box26
\strutbox@=\box27
\big@size=\dimen105
LaTeX Font Info:    Redeclaring font encoding OML on input line 567.
LaTeX Font Info:    Redeclaring font encoding OMS on input line 568.
\macc@depth=\count93
\c@MaxMatrixCols=\count94
\dotsspace@=\muskip10
\c@parentequation=\count95
\dspbrk@lvl=\count96
\tag@help=\toks15
\row@=\count97
\column@=\count98
\maxfields@=\count99
\andhelp@=\toks16
\eqnshift@=\dimen106
\alignsep@=\dimen107
\tagshift@=\dimen108
\tagwidth@=\dimen109
\totwidth@=\dimen110
\lineht@=\dimen111
\@envbody=\toks17
\multlinegap=\skip44
\multlinetaggap=\skip45
\mathdisplay@stack=\toks18
LaTeX Info: Redefining \[ on input line 2666.
LaTeX Info: Redefining \] on input line 2667.
)
(/usr/local/texlive/2011/texmf-dist/tex/latex/amscls/amsthm.sty
Package: amsthm 2009/07/02 v2.20.1
\thm@style=\toks19
\thm@bodyfont=\toks20
\thm@headfont=\toks21
\thm@notefont=\toks22
\thm@headpunct=\toks23
\thm@preskip=\skip46
\thm@postskip=\skip47
\thm@headsep=\skip48
\dth@everypar=\toks24
)
(/usr/local/texlive/2011/texmf-dist/tex/latex/amsfonts/amssymb.sty
Package: amssymb 2009/06/22 v3.00

(/usr/local/texlive/2011/texmf-dist/tex/latex/amsfonts/amsfonts.sty
Package: amsfonts 2009/06/22 v3.00 Basic AMSFonts support
\symAMSa=\mathgroup4
\symAMSb=\mathgroup5
LaTeX Font Info:    Overwriting math alphabet `\mathfrak' in version `bold'
(Font)                  U/euf/m/n --> U/euf/b/n on input line 96.
))
(/usr/local/texlive/2011/texmf-dist/tex/latex/graphics/graphicx.sty
Package: graphicx 1999/02/16 v1.0f Enhanced LaTeX Graphics (DPC,SPQR)

(/usr/local/texlive/2011/texmf-dist/tex/latex/graphics/keyval.sty
Package: keyval 1999/03/16 v1.13 key=value parser (DPC)
\KV@toks@=\toks25
)
(/usr/local/texlive/2011/texmf-dist/tex/latex/graphics/graphics.sty
Package: graphics 2009/02/05 v1.0o Standard LaTeX Graphics (DPC,SPQR)

(/usr/local/texlive/2011/texmf-dist/tex/latex/graphics/trig.sty
Package: trig 1999/03/16 v1.09 sin cos tan (DPC)
)
(/usr/local/texlive/2011/texmf-dist/tex/latex/latexconfig/graphics.cfg
File: graphics.cfg 2010/04/23 v1.9 graphics configuration of TeX Live
)
Package graphics Info: Driver file: pdftex.def on input line 91.

(/usr/local/texlive/2011/texmf-dist/tex/latex/pdftex-def/pdftex.def
File: pdftex.def 2011/05/27 v0.06d Graphics/color for pdfTeX

(/usr/local/texlive/2011/texmf-dist/tex/generic/oberdiek/infwarerr.sty
Package: infwarerr 2010/04/08 v1.3 Providing info/warning/message (HO)
)
(/usr/local/texlive/2011/texmf-dist/tex/generic/oberdiek/ltxcmds.sty
Package: ltxcmds 2011/04/18 v1.20 LaTeX kernel commands for general use (HO)
)
\Gread@gobject=\count100
))
\Gin@req@height=\dimen112
\Gin@req@width=\dimen113
)
(/usr/local/texlive/2011/texmf-dist/tex/generic/path/path.sty
This is path.sty, Version 3.05 <7-Apr-2011>
\c@tcode=\count101
\c@unter=\count102
) (/usr/local/texlive/2011/texmf-dist/tex/latex/base/textcomp.sty
Package: textcomp 2005/09/27 v1.99g Standard LaTeX package
Package textcomp Info: Sub-encoding information:
(textcomp)               5 = only ISO-Adobe without \textcurrency
(textcomp)               4 = 5 + \texteuro
(textcomp)               3 = 4 + \textohm
(textcomp)               2 = 3 + \textestimated + \textcurrency
(textcomp)               1 = TS1 - \textcircled - \t
(textcomp)               0 = TS1 (full)
(textcomp)             Font families with sub-encoding setting implement
(textcomp)             only a restricted character set as indicated.
(textcomp)             Family '?' is the default used for unknown fonts.
(textcomp)             See the documentation for details.
Package textcomp Info: Setting ? sub-encoding to TS1/1 on input line 71.

(/usr/local/texlive/2011/texmf-dist/tex/latex/base/ts1enc.def
File: ts1enc.def 2001/06/05 v3.0e (jk/car/fm) Standard LaTeX file
)
LaTeX Info: Redefining \oldstylenums on input line 266.
Package textcomp Info: Setting cmr sub-encoding to TS1/0 on input line 281.
Package textcomp Info: Setting cmss sub-encoding to TS1/0 on input line 282.
Package textcomp Info: Setting cmtt sub-encoding to TS1/0 on input line 283.
Package textcomp Info: Setting cmvtt sub-encoding to TS1/0 on input line 284.
Package textcomp Info: Setting cmbr sub-encoding to TS1/0 on input line 285.
Package textcomp Info: Setting cmtl sub-encoding to TS1/0 on input line 286.
Package textcomp Info: Setting ccr sub-encoding to TS1/0 on input line 287.
Package textcomp Info: Setting ptm sub-encoding to TS1/4 on input line 288.
Package textcomp Info: Setting pcr sub-encoding to TS1/4 on input line 289.
Package textcomp Info: Setting phv sub-encoding to TS1/4 on input line 290.
Package textcomp Info: Setting ppl sub-encoding to TS1/3 on input line 291.
Package textcomp Info: Setting pag sub-encoding to TS1/4 on input line 292.
Package textcomp Info: Setting pbk sub-encoding to TS1/4 on input line 293.
Package textcomp Info: Setting pnc sub-encoding to TS1/4 on input line 294.
Package textcomp Info: Setting pzc sub-encoding to TS1/4 on input line 295.
Package textcomp Info: Setting bch sub-encoding to TS1/4 on input line 296.
Package textcomp Info: Setting put sub-encoding to TS1/5 on input line 297.
Package textcomp Info: Setting uag sub-encoding to TS1/5 on input line 298.
Package textcomp Info: Setting ugq sub-encoding to TS1/5 on input line 299.
Package textcomp Info: Setting ul8 sub-encoding to TS1/4 on input line 300.
Package textcomp Info: Setting ul9 sub-encoding to TS1/4 on input line 301.
Package textcomp Info: Setting augie sub-encoding to TS1/5 on input line 302.
Package textcomp Info: Setting dayrom sub-encoding to TS1/3 on input line 303.
Package textcomp Info: Setting dayroms sub-encoding to TS1/3 on input line 304.

Package textcomp Info: Setting pxr sub-encoding to TS1/0 on input line 305.
Package textcomp Info: Setting pxss sub-encoding to TS1/0 on input line 306.
Package textcomp Info: Setting pxtt sub-encoding to TS1/0 on input line 307.
Package textcomp Info: Setting txr sub-encoding to TS1/0 on input line 308.
Package textcomp Info: Setting txss sub-encoding to TS1/0 on input line 309.
Package textcomp Info: Setting txtt sub-encoding to TS1/0 on input line 310.
Package textcomp Info: Setting futs sub-encoding to TS1/4 on input line 311.
Package textcomp Info: Setting futx sub-encoding to TS1/4 on input line 312.
Package textcomp Info: Setting futj sub-encoding to TS1/4 on input line 313.
Package textcomp Info: Setting hlh sub-encoding to TS1/3 on input line 314.
Package textcomp Info: Setting hls sub-encoding to TS1/3 on input line 315.
Package textcomp Info: Setting hlst sub-encoding to TS1/3 on input line 316.
Package textcomp Info: Setting hlct sub-encoding to TS1/5 on input line 317.
Package textcomp Info: Setting hlx sub-encoding to TS1/5 on input line 318.
Package textcomp Info: Setting hlce sub-encoding to TS1/5 on input line 319.
Package textcomp Info: Setting hlcn sub-encoding to TS1/5 on input line 320.
Package textcomp Info: Setting hlcw sub-encoding to TS1/5 on input line 321.
Package textcomp Info: Setting hlcf sub-encoding to TS1/5 on input line 322.
Package textcomp Info: Setting pplx sub-encoding to TS1/3 on input line 323.
Package textcomp Info: Setting pplj sub-encoding to TS1/3 on input line 324.
Package textcomp Info: Setting ptmx sub-encoding to TS1/4 on input line 325.
Package textcomp Info: Setting ptmj sub-encoding to TS1/4 on input line 326.
)
(/usr/local/texlive/2011/texmf-dist/tex/latex/eurosym/eurosym.sty
Package: eurosym 1998/08/06 v1.1 European currency symbol ``Euro''
\@eurobox=\box28
)
(/usr/local/texlive/2011/texmf-dist/tex/latex/cancel/cancel.sty
Package: cancel 2000/03/12 v2.1 Cancel math terms
)
(/usr/local/texlive/2011/texmf-dist/tex/latex/fancyhdr/fancyhdr.sty
\fancy@headwidth=\skip49
\f@ncyO@elh=\skip50
\f@ncyO@erh=\skip51
\f@ncyO@olh=\skip52
\f@ncyO@orh=\skip53
\f@ncyO@elf=\skip54
\f@ncyO@erf=\skip55
\f@ncyO@olf=\skip56
\f@ncyO@orf=\skip57
)
(/usr/local/texlive/2011/texmf-dist/tex/latex/appendix/appendix.sty
Package: appendix 2009/09/02 v1.2b extra appendix facilities
\c@@pps=\count103
\c@@ppsavesec=\count104
\c@@ppsaveapp=\count105
)
(/usr/local/texlive/2011/texmf-dist/tex/latex/units/nicefrac.sty
Package: nicefrac 1998/08/04 v0.9b Nice fractions
\L@UnitsRaiseDisplaystyle=\skip58
\L@UnitsRaiseTextstyle=\skip59
\L@UnitsRaiseScriptstyle=\skip60

(/usr/local/texlive/2011/texmf-dist/tex/latex/base/ifthen.sty
Package: ifthen 2001/05/26 v1.1c Standard LaTeX ifthen package (DPC)
))
(/usr/local/texlive/2011/texmf-dist/tex/latex/tools/multicol.sty
Package: multicol 2008/12/05 v1.6h multicolumn formatting (FMi)
\c@tracingmulticols=\count106
\mult@box=\box29
\multicol@leftmargin=\dimen114
\c@unbalance=\count107
\c@collectmore=\count108
\doublecol@number=\count109
\multicoltolerance=\count110
\multicolpretolerance=\count111
\full@width=\dimen115
\page@free=\dimen116
\premulticols=\dimen117
\postmulticols=\dimen118
\multicolsep=\skip61
\multicolbaselineskip=\skip62
\partial@page=\box30
\last@line=\box31
\mult@rightbox=\box32
\mult@grightbox=\box33
\mult@gfirstbox=\box34
\mult@firstbox=\box35
\@tempa=\box36
\@tempa=\box37
\@tempa=\box38
\@tempa=\box39
\@tempa=\box40
\@tempa=\box41
\@tempa=\box42
\@tempa=\box43
\@tempa=\box44
\@tempa=\box45
\@tempa=\box46
\@tempa=\box47
\@tempa=\box48
\@tempa=\box49
\@tempa=\box50
\@tempa=\box51
\@tempa=\box52
\c@columnbadness=\count112
\c@finalcolumnbadness=\count113
\last@try=\dimen119
\multicolovershoot=\dimen120
\multicolundershoot=\dimen121
\mult@nat@firstbox=\box53
\colbreak@box=\box54
)) (./A_WS.aux
(./VariablesWS.aux) (./Variables_and_functionsWS.aux)
(./Tables_and_graphsWS.aux) (./Rate_of_changeWS.aux) (./UnitsWS.aux)
(./Metric_system_and_scientific_notationWS.aux) (./EquationsWS.aux)
(./First_look_linearWS.aux) (./First_look_exponentialWS.aux)
(./Using_equationsWS.aux) (./Approx_solutionsWS.aux) (./FinanceWS.aux)
(./Solving_equationsWS.aux) (./Solving_linear_equationsWS.aux)
(./Solving_linear_inequalitiesWS.aux) (./Solving_power_equationsWS.aux)
(./Solving_exponential_equationsWS.aux) (./Solving_quadratic_equationsWS.aux)
(./Closer_look_linearsWS.aux) (./Modeling_linear_equationsWS.aux)
(./Systems_linear_equationsWS.aux) (./InterceptsWS.aux) (./SlopesWS.aux)
(./Fitting_lines_to_dataWS.aux) (./Closer_look_exponentialsWS.aux)
(./Modeling_exponential_equationsWS.aux) (./Exp_growth_decayWS.aux)
(./Growth_factorWS.aux) (./Linear_vs_exponentialWS.aux)
(./Logistic_growthWS.aux))
\openout1 = `A_WS.aux'.

LaTeX Font Info:    Checking defaults for OML/cmm/m/it on input line 8.
LaTeX Font Info:    ... okay on input line 8.
LaTeX Font Info:    Checking defaults for T1/cmr/m/n on input line 8.
LaTeX Font Info:    ... okay on input line 8.
LaTeX Font Info:    Checking defaults for OT1/cmr/m/n on input line 8.
LaTeX Font Info:    ... okay on input line 8.
LaTeX Font Info:    Checking defaults for OMS/cmsy/m/n on input line 8.
LaTeX Font Info:    ... okay on input line 8.
LaTeX Font Info:    Checking defaults for OMX/cmex/m/n on input line 8.
LaTeX Font Info:    ... okay on input line 8.
LaTeX Font Info:    Checking defaults for U/cmr/m/n on input line 8.
LaTeX Font Info:    ... okay on input line 8.
LaTeX Font Info:    Checking defaults for TS1/cmr/m/n on input line 8.
LaTeX Font Info:    Try loading font information for TS1+cmr on input line 8.

(/usr/local/texlive/2011/texmf-dist/tex/latex/base/ts1cmr.fd
File: ts1cmr.fd 1999/05/25 v2.5h Standard LaTeX font definitions
)
LaTeX Font Info:    ... okay on input line 8.

(/usr/local/texlive/2011/texmf-dist/tex/context/base/supp-pdf.mkii
[Loading MPS to PDF converter (version 2006.09.02).]
\scratchcounter=\count114
\scratchdimen=\dimen122
\scratchbox=\box55
\nofMPsegments=\count115
\nofMParguments=\count116
\everyMPshowfont=\toks26
\MPscratchCnt=\count117
\MPscratchDim=\dimen123
\MPnumerator=\count118
\makeMPintoPDFobject=\count119
\everyMPtoPDFconversion=\toks27
) (/usr/local/texlive/2011/texmf-dist/tex/generic/oberdiek/pdftexcmds.sty
Package: pdftexcmds 2011/04/22 v0.16 Utilities of pdfTeX for LuaTeX (HO)

(/usr/local/texlive/2011/texmf-dist/tex/generic/oberdiek/ifluatex.sty
Package: ifluatex 2010/03/01 v1.3 Provides the ifluatex switch (HO)
Package ifluatex Info: LuaTeX not detected.
)
(/usr/local/texlive/2011/texmf-dist/tex/generic/oberdiek/ifpdf.sty
Package: ifpdf 2011/01/30 v2.3 Provides the ifpdf switch (HO)
Package ifpdf Info: pdfTeX in PDF mode is detected.
)
Package pdftexcmds Info: LuaTeX not detected.
Package pdftexcmds Info: \pdf@primitive is available.
Package pdftexcmds Info: \pdf@ifprimitive is available.
Package pdftexcmds Info: \pdfdraftmode found.
)
(/usr/local/texlive/2011/texmf-dist/tex/latex/oberdiek/epstopdf-base.sty
Package: epstopdf-base 2010/02/09 v2.5 Base part for package epstopdf

(/usr/local/texlive/2011/texmf-dist/tex/latex/oberdiek/grfext.sty
Package: grfext 2010/08/19 v1.1 Managing graphics extensions (HO)

(/usr/local/texlive/2011/texmf-dist/tex/generic/oberdiek/kvdefinekeys.sty
Package: kvdefinekeys 2011/04/07 v1.3 Defining keys (HO)
))
(/usr/local/texlive/2011/texmf-dist/tex/latex/oberdiek/kvoptions.sty
Package: kvoptions 2010/12/23 v3.10 Keyval support for LaTeX options (HO)

(/usr/local/texlive/2011/texmf-dist/tex/generic/oberdiek/kvsetkeys.sty
Package: kvsetkeys 2011/04/07 v1.13 Key value parser (HO)

(/usr/local/texlive/2011/texmf-dist/tex/generic/oberdiek/etexcmds.sty
Package: etexcmds 2011/02/16 v1.5 Prefix for e-TeX command names (HO)
Package etexcmds Info: Could not find \expanded.
(etexcmds)             That can mean that you are not using pdfTeX 1.50 or
(etexcmds)             that some package has redefined \expanded.
(etexcmds)             In the latter case, load this package earlier.
)))
Package grfext Info: Graphics extension search list:
(grfext)             [.png,.pdf,.jpg,.mps,.jpeg,.jbig2,.jb2,.PNG,.PDF,.JPG,.JPE
G,.JBIG2,.JB2,.eps]
(grfext)             \AppendGraphicsExtensions on input line 452.

(/usr/local/texlive/2011/texmf-dist/tex/latex/latexconfig/epstopdf-sys.cfg
File: epstopdf-sys.cfg 2010/07/13 v1.3 Configuration of (r)epstopdf for TeX Liv
e
))
LaTeX Font Info:    Try loading font information for U+msa on input line 15.

(/usr/local/texlive/2011/texmf-dist/tex/latex/amsfonts/umsa.fd
File: umsa.fd 2009/06/22 v3.00 AMS symbols A
)
LaTeX Font Info:    Try loading font information for U+msb on input line 15.

(/usr/local/texlive/2011/texmf-dist/tex/latex/amsfonts/umsb.fd
File: umsb.fd 2009/06/22 v3.00 AMS symbols B
) [1


{/usr/local/texlive/2011/texmf-var/fonts/map/pdftex/updmap/pdftex.map}]

Package Fancyhdr Warning: \headheight is too small (12.0pt): 
 Make it at least 13.59999pt.
 We now make it that large for the rest of the document.
 This may cause the page layout to be inconsistent, however.

[2] (./A_WS.toc)
\tf@toc=\write3
\openout3 = `A_WS.toc'.

 [3

]
\openout2 = `VariablesWS.aux'.

 (./VariablesWS.tex [4


]
Chapter 1.
) [5]
\openout2 = `Variables_and_functionsWS.aux'.

 (./Variables_and_functionsWS.tex [6


] [7] [8]) [9]
\openout2 = `Tables_and_graphsWS.aux'.


(./Tables_and_graphsWS.tex
<../Graphics/GraphPaper.jpg, id=41, 436.33012pt x 291.79013pt>
File: ../Graphics/GraphPaper.jpg Graphic file (type jpg)

<use ../Graphics/GraphPaper.jpg>
Package pdftex.def Info: ../Graphics/GraphPaper.jpg used on input line 21.
(pdftex.def)             Requested size: 433.62pt x 289.9862pt.
 [10


 <../Graphics/GraphPaper.jpg>]
Overfull \hbox (5.12825pt too wide) in paragraph at lines 33--37
 [] 
 []

File: ../Graphics/GraphPaper.jpg Graphic file (type jpg)
<use ../Graphics/GraphPaper.jpg>
Package pdftex.def Info: ../Graphics/GraphPaper.jpg used on input line 46.
(pdftex.def)             Requested size: 433.62pt x 289.9862pt.
 [11]
File: ../Graphics/GraphPaper.jpg Graphic file (type jpg)
 <use ../Graphics/GraphPaper.jpg>
Package pdftex.def Info: ../Graphics/GraphPaper.jpg used on input line 63.
(pdftex.def)             Requested size: 433.62pt x 289.9862pt.
 [12]
File: ../Graphics/GraphPaper.jpg Graphic file (type jpg)

<use ../Graphics/GraphPaper.jpg>
Package pdftex.def Info: ../Graphics/GraphPaper.jpg used on input line 89.
(pdftex.def)             Requested size: 433.62pt x 289.9862pt.
) [13]
\openout2 = `Rate_of_changeWS.aux'.

 (./Rate_of_changeWS.tex
File: ../Graphics/GraphPaper.jpg Graphic file (type jpg)

<use ../Graphics/GraphPaper.jpg>
Package pdftex.def Info: ../Graphics/GraphPaper.jpg used on input line 16.
(pdftex.def)             Requested size: 433.62pt x 289.9862pt.
 [14


] [15] [16]
Overfull \hbox (29.18161pt too wide) in paragraph at lines 55--59
 [] 
 []

<../Graphics/teenpregTEST.png, id=66, 598.3956pt x 314.6154pt>
File: ../Graphics/teenpregTEST.png Graphic file (type png)

<use ../Graphics/teenpregTEST.png>
Package pdftex.def Info: ../Graphics/teenpregTEST.png used on input line 61.
(pdftex.def)             Requested size: 433.62pt x 227.9871pt.
) [17 <../Graphics/teenpregTEST.png>]
\openout2 = `UnitsWS.aux'.


(./UnitsWS.tex [18


] [19] [20]) [21]
\openout2 = `Metric_system_and_scientific_notationWS.aux'.


(./Metric_system_and_scientific_notationWS.tex [22


] [23] [24] [25]) [26]
\openout2 = `EquationsWS.aux'.


(./EquationsWS.tex
Chapter 2.
) [27



]
\openout2 = `First_look_linearWS.aux'.

 (./First_look_linearWS.tex [28


]
File: ../Graphics/GraphPaper.jpg Graphic file (type jpg)
 <use ../Graphics/GraphPaper.jpg>
Package pdftex.def Info: ../Graphics/GraphPaper.jpg used on input line 27.
(pdftex.def)             Requested size: 433.62pt x 289.9862pt.

[29]
File: ../Graphics/GraphPaper.jpg Graphic file (type jpg)
 <use ../Graphics/GraphPaper.jpg>
Package pdftex.def Info: ../Graphics/GraphPaper.jpg used on input line 42.
(pdftex.def)             Requested size: 433.62pt x 289.9862pt.
 [30]) [31]
\openout2 = `First_look_exponentialWS.aux'.


(./First_look_exponentialWS.tex
File: ../Graphics/GraphPaper.jpg Graphic file (type jpg)
 <use ../Graphics/GraphPaper.jpg>
Package pdftex.def Info: ../Graphics/GraphPaper.jpg used on input line 13.
(pdftex.def)             Requested size: 433.62pt x 289.9862pt.
 [32


] [33]
File: ../Graphics/GraphPaper.jpg Graphic file (type jpg)

<use ../Graphics/GraphPaper.jpg>
Package pdftex.def Info: ../Graphics/GraphPaper.jpg used on input line 38.
(pdftex.def)             Requested size: 433.62pt x 289.9862pt.
 [34]) [35]
\openout2 = `Using_equationsWS.aux'.

 (./Using_equationsWS.tex
Overfull \hbox (5.65991pt too wide) in paragraph at lines 7--10
[][] 
 []

File: ../Graphics/GraphPaper.jpg Graphic file (type jpg)
<use ../Graphics/GraphPaper.jpg>
Package pdftex.def Info: ../Graphics/GraphPaper.jpg used on input line 16.
(pdftex.def)             Requested size: 433.62pt x 289.9862pt.
 [36


]
File: ../Graphics/GraphPaper.jpg Graphic file (type jpg)
 <use ../Graphics/GraphPaper.jpg>
Package pdftex.def Info: ../Graphics/GraphPaper.jpg used on input line 37.
(pdftex.def)             Requested size: 433.62pt x 289.9862pt.
 [37]
[38]) [39]
\openout2 = `Approx_solutionsWS.aux'.

 (./Approx_solutionsWS.tex
Overfull \hbox (6.18156pt too wide) in paragraph at lines 7--10
[][] 
 []

File: ../Graphics/GraphPaper.jpg Graphic file (type jpg)
<use ../Graphics/GraphPaper.jpg>
Package pdftex.def Info: ../Graphics/GraphPaper.jpg used on input line 16.
(pdftex.def)             Requested size: 433.62pt x 289.9862pt.
 [40


]
File: ../Graphics/GraphPaper.jpg Graphic file (type jpg)
 <use ../Graphics/GraphPaper.jpg>
Package pdftex.def Info: ../Graphics/GraphPaper.jpg used on input line 33.
(pdftex.def)             Requested size: 433.62pt x 289.9862pt.
 [41]
Overfull \hbox (5.65991pt too wide) in paragraph at lines 41--44
[][] 
 []

[42]
Overfull \hbox (12.78934pt too wide) in paragraph at lines 57--64
 [] 
 []

) [43]
\openout2 = `FinanceWS.aux'.

 (./FinanceWS.tex [44


] [45] [46]) [47]
\openout2 = `Solving_equationsWS.aux'.

 (./Solving_equationsWS.tex
[48



]
Chapter 3.
) [49]
\openout2 = `Solving_linear_equationsWS.aux'.

 (./Solving_linear_equationsWS.tex [50


] [51]
File: ../Graphics/GraphPaper.jpg Graphic file (type jpg)

<use ../Graphics/GraphPaper.jpg>
Package pdftex.def Info: ../Graphics/GraphPaper.jpg used on input line 30.
(pdftex.def)             Requested size: 433.62pt x 289.9862pt.
 [52] [53])
\openout2 = `Solving_linear_inequalitiesWS.aux'.


(./Solving_linear_inequalitiesWS.tex
File: ../Graphics/GraphPaper.jpg Graphic file (type jpg)
 <use ../Graphics/GraphPaper.jpg>
Package pdftex.def Info: ../Graphics/GraphPaper.jpg used on input line 17.
(pdftex.def)             Requested size: 433.62pt x 289.9862pt.
 [54


]
File: ../Graphics/GraphPaper.jpg Graphic file (type jpg)

<use ../Graphics/GraphPaper.jpg>
Package pdftex.def Info: ../Graphics/GraphPaper.jpg used on input line 32.
(pdftex.def)             Requested size: 433.62pt x 289.9862pt.
 [55] [56] [57]) [58]
\openout2 = `Solving_power_equationsWS.aux'.


(./Solving_power_equationsWS.tex
Overfull \hbox (13.02026pt too wide) in paragraph at lines 25--28
[][] 
 []

[59


]
File: ../Graphics/GraphPaper.jpg Graphic file (type jpg)
 <use ../Graphics/GraphPaper.jpg>
Package pdftex.def Info: ../Graphics/GraphPaper.jpg used on input line 41.
(pdftex.def)             Requested size: 433.62pt x 289.9862pt.
 [60] [61]) [62]
\openout2 = `Solving_exponential_equationsWS.aux'.


(./Solving_exponential_equationsWS.tex [63


]
File: ../Graphics/GraphPaper.jpg Graphic file (type jpg)
 <use ../Graphics/GraphPaper.jpg>
Package pdftex.def Info: ../Graphics/GraphPaper.jpg used on input line 38.
(pdftex.def)             Requested size: 433.62pt x 289.9862pt.

[64] [65] [66]) [67]
\openout2 = `Solving_quadratic_equationsWS.aux'.

 (./Solving_quadratic_equationsWS.tex
Underfull \hbox (badness 10000) in paragraph at lines 12--12

 []

<../Graphics/highjumper.png, id=238, 575.2692pt x 316.5426pt>
File: ../Graphics/highjumper.png Graphic file (type png)

<use ../Graphics/highjumper.png>
Package pdftex.def Info: ../Graphics/highjumper.png used on input line 20.
(pdftex.def)             Requested size: 433.62pt x 238.60422pt.
 [68


 <../Graphics/highjumper.png>] [69]
File: ../Graphics/GraphPaper.jpg Graphic file (type jpg)

<use ../Graphics/GraphPaper.jpg>
Package pdftex.def Info: ../Graphics/GraphPaper.jpg used on input line 50.
(pdftex.def)             Requested size: 433.62pt x 289.9862pt.
 [70] [71]
<../Graphics/milk.png, id=252, 613.8132pt x 338.2236pt>
File: ../Graphics/milk.png Graphic file (type png)

<use ../Graphics/milk.png>
Package pdftex.def Info: ../Graphics/milk.png used on input line 70.
(pdftex.def)             Requested size: 433.62pt x 238.94312pt.

Overfull \hbox (9.45044pt too wide) in paragraph at lines 70--71
 [] 
 []

[72 <../Graphics/milk.png>] [73]
<../Graphics/GravelPath.pdf, id=261, 372.13026pt x 169.77428pt>
File: ../Graphics/GravelPath.pdf Graphic file (type pdf)

<use ../Graphics/GravelPath.pdf>
Package pdftex.def Info: ../Graphics/GravelPath.pdf used on input line 85.
(pdftex.def)             Requested size: 372.12935pt x 169.77385pt.
) [74 <../Graphics/GravelPath.pdf>]
\openout2 = `Closer_look_linearsWS.aux'.


(./Closer_look_linearsWS.tex
Chapter 4.
) [75



]
\openout2 = `Modeling_linear_equationsWS.aux'.

 (./Modeling_linear_equationsWS.tex [76


]
File: ../Graphics/GraphPaper.jpg Graphic file (type jpg)

<use ../Graphics/GraphPaper.jpg>
Package pdftex.def Info: ../Graphics/GraphPaper.jpg used on input line 22.
(pdftex.def)             Requested size: 433.62pt x 289.9862pt.
 [77] [78] [79]
File: ../Graphics/GraphPaper.jpg Graphic file (type jpg)

<use ../Graphics/GraphPaper.jpg>
Package pdftex.def Info: ../Graphics/GraphPaper.jpg used on input line 93.
(pdftex.def)             Requested size: 433.62pt x 289.9862pt.
) [80]
\openout2 = `Systems_linear_equationsWS.aux'.

 (./Systems_linear_equationsWS.tex
[81


]
File: ../Graphics/GraphPaper.jpg Graphic file (type jpg)
 <use ../Graphics/GraphPaper.jpg>
Package pdftex.def Info: ../Graphics/GraphPaper.jpg used on input line 42.
(pdftex.def)             Requested size: 433.62pt x 289.9862pt.
 [82] [83] [84]
File: ../Graphics/GraphPaper.jpg Graphic file (type jpg)

<use ../Graphics/GraphPaper.jpg>
Package pdftex.def Info: ../Graphics/GraphPaper.jpg used on input line 111.
(pdftex.def)             Requested size: 433.62pt x 289.9862pt.
 [85]) [86]
\openout2 = `InterceptsWS.aux'.

 (./InterceptsWS.tex [87


]
File: ../Graphics/GraphPaper.jpg Graphic file (type jpg)

<use ../Graphics/GraphPaper.jpg>
Package pdftex.def Info: ../Graphics/GraphPaper.jpg used on input line 30.
(pdftex.def)             Requested size: 433.62pt x 289.9862pt.
 [88] [89]) [90]
\openout2 = `SlopesWS.aux'.

 (./SlopesWS.tex
<../Graphics/leatherbelt.pdf, id=334, 645.25067pt x 38.48378pt>
File: ../Graphics/leatherbelt.pdf Graphic file (type pdf)

<use ../Graphics/leatherbelt.pdf>
Package pdftex.def Info: ../Graphics/leatherbelt.pdf used on input line 6.
(pdftex.def)             Requested size: 645.24908pt x 38.48367pt.
 [91


 <../Graphics/leatherbelt.pdf>] [92]
File: ../Graphics/GraphPaper.jpg Graphic file (type jpg)

<use ../Graphics/GraphPaper.jpg>
Package pdftex.def Info: ../Graphics/GraphPaper.jpg used on input line 41.
(pdftex.def)             Requested size: 433.62pt x 289.9862pt.
 [93] [94]
File: ../Graphics/GraphPaper.jpg Graphic file (type jpg)
 <use ../Graphics/GraphPaper.jpg>
Package pdftex.def Info: ../Graphics/GraphPaper.jpg used on input line 62.
(pdftex.def)             Requested size: 433.62pt x 289.9862pt.
)
[95]
\openout2 = `Fitting_lines_to_dataWS.aux'.

 (./Fitting_lines_to_dataWS.tex
<../Graphics/stockprices.png, id=391, 595.5048pt x 306.9066pt>
File: ../Graphics/stockprices.png Graphic file (type png)

<use ../Graphics/stockprices.png>
Package pdftex.def Info: ../Graphics/stockprices.png used on input line 17.
(pdftex.def)             Requested size: 433.62pt x 223.4733pt.

Overfull \hbox (9.45044pt too wide) in paragraph at lines 17--18
 [] 
 []

[96


 <../Graphics/stockprices.png>]
File: ../Graphics/GraphPaper.jpg Graphic file (type jpg)
 <use ../Graphics/GraphPaper.jpg>
Package pdftex.def Info: ../Graphics/GraphPaper.jpg used on input line 35.
(pdftex.def)             Requested size: 433.62pt x 289.9862pt.
 [97]
[98]
File: ../Graphics/GraphPaper.jpg Graphic file (type jpg)
 <use ../Graphics/GraphPaper.jpg>
Package pdftex.def Info: ../Graphics/GraphPaper.jpg used on input line 66.
(pdftex.def)             Requested size: 433.62pt x 289.9862pt.
 [99] [100]
<../Graphics/woodforestA.png, id=409, 575.2692pt x 420.1296pt>
File: ../Graphics/woodforestA.png Graphic file (type png)

<use ../Graphics/woodforestA.png>
Package pdftex.def Info: ../Graphics/woodforestA.png used on input line 88.
(pdftex.def)             Requested size: 433.62pt x 316.68626pt.

<../Graphics/woodforestC.png, id=410, 575.2692pt x 420.1296pt>
File: ../Graphics/woodforestC.png Graphic file (type png)

<use ../Graphics/woodforestC.png>
Package pdftex.def Info: ../Graphics/woodforestC.png used on input line 90.
(pdftex.def)             Requested size: 433.62pt x 316.68626pt.

Overfull \hbox (14.16705pt too wide) in paragraph at lines 86--92
 [] 
 []

<../Graphics/woodforestD.png, id=411, 575.2692pt x 420.1296pt>
File: ../Graphics/woodforestD.png Graphic file (type png)

<use ../Graphics/woodforestD.png>
Package pdftex.def Info: ../Graphics/woodforestD.png used on input line 99.
(pdftex.def)             Requested size: 433.62pt x 316.68626pt.

<../Graphics/woodforestE.png, id=412, 575.2692pt x 420.1296pt>
File: ../Graphics/woodforestE.png Graphic file (type png)

<use ../Graphics/woodforestE.png>
Package pdftex.def Info: ../Graphics/woodforestE.png used on input line 101.
(pdftex.def)             Requested size: 433.62pt x 316.68626pt.

Overfull \hbox (14.16705pt too wide) in paragraph at lines 97--103
 [] 
 []

) [101 <../Graphics/woodforestA.png> <../Graphics/woodforestC.png> <../Graphics
/woodforestD.png> <../Graphics/woodforestE.png>]
\openout2 = `Closer_look_exponentialsWS.aux'.


(./Closer_look_exponentialsWS.tex [102



]
Chapter 5.
) [103]
\openout2 = `Modeling_exponential_equationsWS.aux'.

 (./Modeling_exponential_equationsWS.tex [104


] [105]
File: ../Graphics/GraphPaper.jpg Graphic file (type jpg)

<use ../Graphics/GraphPaper.jpg>
Package pdftex.def Info: ../Graphics/GraphPaper.jpg used on input line 36.
(pdftex.def)             Requested size: 433.62pt x 289.9862pt.
 [106]) [107]
\openout2 = `Exp_growth_decayWS.aux'.

 (./Exp_growth_decayWS.tex
[108


]
File: ../Graphics/GraphPaper.jpg Graphic file (type jpg)
 <use ../Graphics/GraphPaper.jpg>
Package pdftex.def Info: ../Graphics/GraphPaper.jpg used on input line 17.
(pdftex.def)             Requested size: 433.62pt x 289.9862pt.
 [109] [110] [111]) [112]
\openout2 = `Growth_factorWS.aux'.


(./Growth_factorWS.tex
Underfull \hbox (badness 10000) in paragraph at lines 26--26

 []


Underfull \hbox (badness 10000) in paragraph at lines 26--26

 []

[113


] [114]
File: ../Graphics/GraphPaper.jpg Graphic file (type jpg)
 <use ../Graphics/GraphPaper.jpg>
Package pdftex.def Info: ../Graphics/GraphPaper.jpg used on input line 57.
(pdftex.def)             Requested size: 433.62pt x 289.9862pt.
 [115] [116]
File: ../Graphics/GraphPaper.jpg Graphic file (type jpg)

<use ../Graphics/GraphPaper.jpg>
Package pdftex.def Info: ../Graphics/GraphPaper.jpg used on input line 78.
(pdftex.def)             Requested size: 433.62pt x 289.9862pt.
 [117] [118]) [119]
\openout2 = `Linear_vs_exponentialWS.aux'.


(./Linear_vs_exponentialWS.tex [120


] [121]
File: ../Graphics/GraphPaper.jpg Graphic file (type jpg)
 <use ../Graphics/GraphPaper.jpg>
Package pdftex.def Info: ../Graphics/GraphPaper.jpg used on input line 59.
(pdftex.def)             Requested size: 433.62pt x 289.9862pt.

[122] [123]
File: ../Graphics/GraphPaper.jpg Graphic file (type jpg)
 <use ../Graphics/GraphPaper.jpg>
Package pdftex.def Info: ../Graphics/GraphPaper.jpg used on input line 80.
(pdftex.def)             Requested size: 433.62pt x 289.9862pt.
 [124]) [125]
\openout2 = `Logistic_growthWS.aux'.


(./Logistic_growthWS.tex
File: ../Graphics/GraphPaper.jpg Graphic file (type jpg)
 <use ../Graphics/GraphPaper.jpg>
Package pdftex.def Info: ../Graphics/GraphPaper.jpg used on input line 13.
(pdftex.def)             Requested size: 433.62pt x 289.9862pt.
 [126


] [127] [128]
File: ../Graphics/GraphPaper.jpg Graphic file (type jpg)

<use ../Graphics/GraphPaper.jpg>
Package pdftex.def Info: ../Graphics/GraphPaper.jpg used on input line 54.
(pdftex.def)             Requested size: 433.62pt x 289.9862pt.
 [129]) [130] (./A_WS.aux (./VariablesWS.aux)
(./Variables_and_functionsWS.aux) (./Tables_and_graphsWS.aux)
(./Rate_of_changeWS.aux) (./UnitsWS.aux)
(./Metric_system_and_scientific_notationWS.aux) (./EquationsWS.aux)
(./First_look_linearWS.aux) (./First_look_exponentialWS.aux)
(./Using_equationsWS.aux) (./Approx_solutionsWS.aux) (./FinanceWS.aux)
(./Solving_equationsWS.aux) (./Solving_linear_equationsWS.aux)
(./Solving_linear_inequalitiesWS.aux) (./Solving_power_equationsWS.aux)
(./Solving_exponential_equationsWS.aux) (./Solving_quadratic_equationsWS.aux)
(./Closer_look_linearsWS.aux) (./Modeling_linear_equationsWS.aux)
(./Systems_linear_equationsWS.aux) (./InterceptsWS.aux) (./SlopesWS.aux)
(./Fitting_lines_to_dataWS.aux) (./Closer_look_exponentialsWS.aux)
(./Modeling_exponential_equationsWS.aux) (./Exp_growth_decayWS.aux)
(./Growth_factorWS.aux) (./Linear_vs_exponentialWS.aux)
(./Logistic_growthWS.aux)) ) 
Here is how much of TeX's memory you used:
 3700 strings out of 493633
 53659 string characters out of 3143378
 111916 words of memory out of 3000000
 6696 multiletter control sequences out of 15000+200000
 14995 words of font info for 55 fonts, out of 3000000 for 9000
 831 hyphenation exceptions out of 8191
 38i,11n,45p,856b,522s stack positions out of 5000i,500n,10000p,200000b,50000s
{/usr/local/texlive/2011/texmf-dist/fonts/enc/dvips
/cm-super/cm-super-ts1.enc}</usr/local/texlive/2011/texmf-dist/fonts/type1/publ
ic/amsfonts/cm/cmbx10.pfb></usr/local/texlive/2011/texmf-dist/fonts/type1/publi
c/amsfonts/cm/cmbx12.pfb></usr/local/texlive/2011/texmf-dist/fonts/type1/public
/amsfonts/cm/cmcsc10.pfb></usr/local/texlive/2011/texmf-dist/fonts/type1/public
/amsfonts/cm/cmex10.pfb></usr/local/texlive/2011/texmf-dist/fonts/type1/public/
amsfonts/cm/cmmi10.pfb></usr/local/texlive/2011/texmf-dist/fonts/type1/public/a
msfonts/cm/cmmi6.pfb></usr/local/texlive/2011/texmf-dist/fonts/type1/public/ams
fonts/cm/cmmi8.pfb></usr/local/texlive/2011/texmf-dist/fonts/type1/public/amsfo
nts/cm/cmr10.pfb></usr/local/texlive/2011/texmf-dist/fonts/type1/public/amsfont
s/cm/cmr12.pfb></usr/local/texlive/2011/texmf-dist/fonts/type1/public/amsfonts/
cm/cmr8.pfb></usr/local/texlive/2011/texmf-dist/fonts/type1/public/amsfonts/cm/
cmr9.pfb></usr/local/texlive/2011/texmf-dist/fonts/type1/public/amsfonts/cm/cms
y10.pfb></usr/local/texlive/2011/texmf-dist/fonts/type1/public/amsfonts/cm/cmsy
8.pfb></usr/local/texlive/2011/texmf-dist/fonts/type1/public/amsfonts/cm/cmti10
.pfb></usr/local/texlive/2011/texmf-dist/fonts/type1/public/eurosym/feymr10.pfb
></usr/local/texlive/2011/texmf-dist/fonts/type1/public/cm-super/sfbx1095.pfb><
/usr/local/texlive/2011/texmf-dist/fonts/type1/public/cm-super/sfrm1095.pfb></u
sr/local/texlive/2011/texmf-dist/fonts/type1/public/cm-super/sfti1095.pfb>
Output written on A_WS.pdf (130 pages, 876897 bytes).
PDF statistics:
 575 PDF objects out of 1000 (max. 8388607)
 370 compressed objects within 4 object streams
 0 named destinations out of 1000 (max. 500000)
 56 words of extra memory for PDF output out of 10000 (max. 10000000)

