INFO    : Building target web-summer-2025
INFO    : XSL conversion of /home/spencer/github/just-enough-algebra/source/main.ptx by /home/spencer/.ptx/2.33.2/core/xsl/utilities/pretext-enhanced-source.xsl
INFO    : successful application of /home/spencer/.ptx/2.33.2/core/xsl/utilities/pretext-enhanced-source.xsl
INFO    : Generating any needed assets.
INFO    : converting PreFigure diagrams from /home/spencer/github/just-enough-algebra/source/main.ptx to SVG graphics for placement in /home/spencer/github/just-enough-algebra/generated-assets/prefigure
INFO    : extracting PreFigure diagrams from /home/spencer/github/just-enough-algebra/source/main.ptx
INFO    : string parameters passed to extraction stylesheet: {'cli.version': '2.33', 'publisher': '/home/spencer/github/just-enough-algebra/publication/publication-web.ptx'}
INFO    : XSL conversion of /home/spencer/github/just-enough-algebra/source/main.ptx by /home/spencer/.ptx/2.33.2/core/xsl/extract-prefigure.xsl
INFO    : successful application of /home/spencer/.ptx/2.33.2/core/xsl/extract-prefigure.xsl
INFO    : discovering source file's directory name: /home/spencer/github/just-enough-algebra/source
INFO    : verifying and expanding input directory: /home/spencer/github/just-enough-algebra/source/../generated-assets
INFO    : input directory expanded to absolute path: /home/spencer/github/just-enough-algebra/generated-assets
INFO    : verifying and expanding input directory: /home/spencer/github/just-enough-algebra/source/../assets
INFO    : input directory expanded to absolute path: /home/spencer/github/just-enough-algebra/assets
INFO    : verifying and expanding input directory: /home/spencer/github/just-enough-algebra/source/data
INFO    : input directory expanded to absolute path: /home/spencer/github/just-enough-algebra/source/data
INFO    : compiling PreFigure source file prefigure-healthcare-costs.xml to SVG
INFO    : compiling PreFigure source file prefigure-india-population.xml to SVG
INFO    : compiling PreFigure source file prefigure-lemon-juice.xml to SVG
INFO    : compiling PreFigure source file prefigure-flu-models.xml to SVG
INFO    : compiling PreFigure source file prefigure-act-high-jumper.xml to SVG
INFO    : compiling PreFigure source file prefigure-lin-exp.xml to SVG
INFO    : compiling PreFigure source file prefigure-cig-scales.xml to SVG
INFO    : compiling PreFigure source file prefigure-act2-high-jumper.xml to SVG
INFO    : compiling PreFigure source file prefigure-braking-vs-stopping.xml to SVG
INFO    : compiling PreFigure source file prefigure-road-salt-best-fit.xml to SVG
INFO    : compiling PreFigure source file prefigure-healthcare-solve-10.xml to SVG
INFO    : compiling PreFigure source file prefigure-caffeine.xml to SVG
INFO    : compiling PreFigure source file prefigure-cases-of-paper.xml to SVG
INFO    : compiling PreFigure source file prefigure-act3-high-jumper.xml to SVG
INFO    : compiling PreFigure source file prefigure-road-salt-connect-dots.xml to SVG
INFO    : compiling PreFigure source file prefigure-road-salt-t-a.xml to SVG
INFO    : compiling PreFigure source file prefigure-road-salt-best-fit-outlier.xml to SVG
INFO    : compiling PreFigure source file prefigure-springboard-diver.xml to SVG
INFO    : compiling PreFigure source file prefigure-flu-exponential.xml to SVG
INFO    : compiling PreFigure source file prefigure-road-salt-scatter.xml to SVG
INFO    : compiling PreFigure source file prefigure-juggling.xml to SVG
INFO    : compiling PreFigure source file prefigure-recycle-paper.xml to SVG
INFO    : compiling PreFigure source file prefigure-road-salt-h-r.xml to SVG
INFO    : compiling PreFigure source file prefigure-run-times.xml to SVG
INFO    : compiling PreFigure source file prefigure-ex-high-jumper.xml to SVG
INFO    : compiling PreFigure source file prefigure-road-salt-c-d.xml to SVG
INFO    : compiling PreFigure source file prefigure-flu-saturation.xml to SVG
INFO    : compiling PreFigure source file prefigure-flu-logistic.xml to SVG
INFO    : compiling PreFigure source file prefigure-cig-curve.xml to SVG
INFO    : compiling PreFigure source file prefigure-truck-chain-ineq.xml to SVG
INFO    : compiling PreFigure source file prefigure-fahrenheit-celsius.xml to SVG
INFO    : compiling PreFigure source file prefigure-healthcare-solve.xml to SVG
INFO    : compiling PreFigure source file prefigure-cig-compare.xml to SVG
INFO    : compiling PreFigure source file prefigure-affordable-housing.xml to SVG
INFO    : compiling PreFigure source file prefigure-milk.xml to SVG
INFO    : compiling PreFigure source file prefigure-plumber.xml to SVG
INFO    : compiling PreFigure source file prefigure-machine-comparison.xml to SVG
INFO    : compiling PreFigure source file prefigure-cig-scatter.xml to SVG
INFO    : copying PreFigure output to /home/spencer/github/just-enough-algebra/generated-assets/prefigure
INFO    : Removing temporary directory /tmp/ptx-9s8b8qvt
INFO    : Finished generating assets.

INFO    : Building with custom xsl /home/spencer/github/just-enough-algebra/xsl/custom-web.xsl
INFO    : Preparing to build into /home/spencer/github/just-enough-algebra/output/web-summer-2025.
INFO    : XSL conversion of /home/spencer/github/just-enough-algebra/source/main.ptx by /home/spencer/.ptx/2.33.2/core/xsl/utilities/report-publisher-variables.xsl
INFO    : successful application of /home/spencer/.ptx/2.33.2/core/xsl/utilities/report-publisher-variables.xsl
INFO    : Downloading rs services file from https://runestone.academy/cdn/runestone/latest/webpack_static_imports.xml.
INFO    : Runestone Services via online CDN query: version 7.11.5
INFO    : Downloading Runestone Services, version 7.11.5
INFO    : Extracting Runestone Services from archive file
INFO    : Building custom css theme: theme-default-modern
INFO    : converting /home/spencer/github/just-enough-algebra/source/main.ptx to HTML in /tmp/ptx-4f67o5hg
INFO    : XSL conversion of /home/spencer/github/just-enough-algebra/source/main.ptx by /tmp/ptxcli_jth525vo/cli_xsl/custom-web.xsl
INFO    : messages from the log for XSL processing:
INFO    : * PTX:INFO:   checking all deprecated elements.
INFO    : successful application of /tmp/ptxcli_jth525vo/cli_xsl/custom-web.xsl
INFO    : Removing temporary directory /tmp/ptx-4f67o5hg
INFO    : Removing temporary directory /tmp/ptx-ehub61jw
INFO    : 
Finished build for target web-summer-2025. Run `pretext view web-summer-2025` to see the results.

INFO    : 
Success!  Built requested target(s) without errors.

INFO    : 
