INFO    : Building target workbook
INFO    : XSL conversion of /home/spencer/github/jea-summer-2025/source/main.ptx by /home/spencer/.ptx/2.33.2/core/xsl/utilities/pretext-enhanced-source.xsl
INFO    : successful application of /home/spencer/.ptx/2.33.2/core/xsl/utilities/pretext-enhanced-source.xsl
INFO    : Generating any needed assets.
INFO    : converting PreFigure diagrams from /home/spencer/github/jea-summer-2025/source/main.ptx to PDF graphics for placement in /home/spencer/github/jea-summer-2025/generated-assets/prefigure
INFO    : extracting PreFigure diagrams from /home/spencer/github/jea-summer-2025/source/main.ptx
INFO    : string parameters passed to extraction stylesheet: {'latex.preamble.early': '\\usepackage{parskip}', 'cli.version': '2.33', 'publisher': '/home/spencer/github/jea-summer-2025/publication/publication-workbook.ptx'}
INFO    : XSL conversion of /home/spencer/github/jea-summer-2025/source/main.ptx by /home/spencer/.ptx/2.33.2/core/xsl/extract-prefigure.xsl
INFO    : successful application of /home/spencer/.ptx/2.33.2/core/xsl/extract-prefigure.xsl
INFO    : discovering source file's directory name: /home/spencer/github/jea-summer-2025/source
INFO    : verifying and expanding input directory: /home/spencer/github/jea-summer-2025/source/../generated-assets
INFO    : input directory expanded to absolute path: /home/spencer/github/jea-summer-2025/generated-assets
INFO    : verifying and expanding input directory: /home/spencer/github/jea-summer-2025/source/../assets
INFO    : input directory expanded to absolute path: /home/spencer/github/jea-summer-2025/assets
INFO    : verifying and expanding input directory: /home/spencer/github/jea-summer-2025/source/data
INFO    : input directory expanded to absolute path: /home/spencer/github/jea-summer-2025/source/data
INFO    : copying PreFigure output to /home/spencer/github/jea-summer-2025/generated-assets/prefigure
INFO    : Removing temporary directory /tmp/ptx-_b5hrwqb
INFO    : Finished generating assets.

INFO    : Building with custom xsl /home/spencer/github/jea-summer-2025/xsl/custom-latex-workbook.xsl
INFO    : Preparing to build into /home/spencer/github/jea-summer-2025/output/workbook.
INFO    : XSL conversion of /home/spencer/github/jea-summer-2025/source/main.ptx by /home/spencer/.ptx/2.33.2/core/xsl/utilities/report-publisher-variables.xsl
INFO    : successful application of /home/spencer/.ptx/2.33.2/core/xsl/utilities/report-publisher-variables.xsl
INFO    : converting /home/spencer/github/jea-summer-2025/source/main.ptx to LaTeX as /tmp/ptx-kjh9dy93/main.tex
INFO    : XSL conversion of /home/spencer/github/jea-summer-2025/source/main.ptx by /tmp/ptxcli_mejvv_9r/cli_xsl/custom-latex-workbook.xsl
INFO    : messages from the log for XSL processing:
INFO    : * PTX:INFO:   checking all deprecated elements.
INFO    : successful application of /tmp/ptxcli_mejvv_9r/cli_xsl/custom-latex-workbook.xsl
CRITICAL: [Errno 2] No such file or directory: 'main.pdf'
INFO    : ------------------------
CRITICAL: Failed to build without errors.  Exiting...
INFO    : 
----------------------------------------------------
INFO    : While running pretext, the following errors occurred:

INFO    : (see log messages above or in the 'logs' folder for more information)
INFO    : ----------------------------------------------------
