INFO    : Building target workbook
INFO    : XSL conversion of /home/spencer/github/jea-summer-2025/source/main.ptx by /home/spencer/.ptx/2.33.2/core/xsl/utilities/pretext-enhanced-source.xsl
INFO    : successful application of /home/spencer/.ptx/2.33.2/core/xsl/utilities/pretext-enhanced-source.xsl
INFO    : Generating any needed assets.
INFO    : Finished generating assets.

INFO    : Building with custom xsl /home/spencer/github/jea-summer-2025/xsl/custom-latex-workbook.xsl
INFO    : Preparing to build into /home/spencer/github/jea-summer-2025/output/workbook.
INFO    : discovering source file's directory name: /home/spencer/github/jea-summer-2025/source
INFO    : verifying and expanding input directory: /home/spencer/github/jea-summer-2025/source/../generated-assets
INFO    : input directory expanded to absolute path: /home/spencer/github/jea-summer-2025/generated-assets
INFO    : verifying and expanding input directory: /home/spencer/github/jea-summer-2025/source/../assets
INFO    : input directory expanded to absolute path: /home/spencer/github/jea-summer-2025/assets
INFO    : verifying and expanding input directory: /home/spencer/github/jea-summer-2025/source/data
INFO    : input directory expanded to absolute path: /home/spencer/github/jea-summer-2025/source/data
INFO    : XSL conversion of /home/spencer/github/jea-summer-2025/source/main.ptx by /home/spencer/.ptx/2.33.2/core/xsl/utilities/report-publisher-variables.xsl
INFO    : successful application of /home/spencer/.ptx/2.33.2/core/xsl/utilities/report-publisher-variables.xsl
INFO    : converting /home/spencer/github/jea-summer-2025/source/main.ptx to LaTeX as /tmp/ptx-1fpk4iv4/main.tex
INFO    : XSL conversion of /home/spencer/github/jea-summer-2025/source/main.ptx by /tmp/ptxcli_si1a3ybi/cli_xsl/custom-latex-workbook.xsl
INFO    : messages from the log for XSL processing:
INFO    : * PTX:INFO:   checking all deprecated elements.
ERROR   : * PTX:ERROR:   a cross-reference ("xref") uses references [sec-1-1-Variables_and_functions] that do not point to any target, or perhaps point to multiple targets.  Maybe you typed an @xml:id value wrong, maybe the target of the @xml:id is nonexistent, or maybe you temporarily removed the target from your source, or maybe an auxiliary file contains a duplicate.  Your output will contain some placeholder text that you will not want to distribute to your readers.
INFO    : *              located within: "grandfather-bonds-modeling-linear" (xml:id)
ERROR   : * PTX:ERROR:   a cross-reference ("xref") uses references [grandfather-bonds-growth-factor] that do not point to any target, or perhaps point to multiple targets.  Maybe you typed an @xml:id value wrong, maybe the target of the @xml:id is nonexistent, or maybe you temporarily removed the target from your source, or maybe an auxiliary file contains a duplicate.  Your output will contain some placeholder text that you will not want to distribute to your readers.
ERROR   : * PTX:ERROR:   a cross-reference ("xref") uses references [wind-chill-tables-graphs] that do not point to any target, or perhaps point to multiple targets.  Maybe you typed an @xml:id value wrong, maybe the target of the @xml:id is nonexistent, or maybe you temporarily removed the target from your source, or maybe an auxiliary file contains a duplicate.  Your output will contain some placeholder text that you will not want to distribute to your readers.
INFO    : *              located within: "wind-chill-modeling-linear" (xml:id)
ERROR   : * PTX:ERROR:   a cross-reference ("xref") uses references [pizza-diameter-powers-roots] that do not point to any target, or perhaps point to multiple targets.  Maybe you typed an @xml:id value wrong, maybe the target of the @xml:id is nonexistent, or maybe you temporarily removed the target from your source, or maybe an auxiliary file contains a duplicate.  Your output will contain some placeholder text that you will not want to distribute to your readers.
INFO    : *              located within: "pizza-diameter-modeling-linear" (xml:id)
ERROR   : * PTX:ERROR:   a cross-reference ("xref") uses references [pizza-diameter-approx-solutions] that do not point to any target, or perhaps point to multiple targets.  Maybe you typed an @xml:id value wrong, maybe the target of the @xml:id is nonexistent, or maybe you temporarily removed the target from your source, or maybe an auxiliary file contains a duplicate.  Your output will contain some placeholder text that you will not want to distribute to your readers.
ERROR   : * PTX:ERROR:   a cross-reference ("xref") uses references [pizza-diameter-solving-power] that do not point to any target, or perhaps point to multiple targets.  Maybe you typed an @xml:id value wrong, maybe the target of the @xml:id is nonexistent, or maybe you temporarily removed the target from your source, or maybe an auxiliary file contains a duplicate.  Your output will contain some placeholder text that you will not want to distribute to your readers.
ERROR   : * PTX:ERROR:   a cross-reference ("xref") uses references [reservoir-rain-first-look-linear] that do not point to any target, or perhaps point to multiple targets.  Maybe you typed an @xml:id value wrong, maybe the target of the @xml:id is nonexistent, or maybe you temporarily removed the target from your source, or maybe an auxiliary file contains a duplicate.  Your output will contain some placeholder text that you will not want to distribute to your readers.
INFO    : *              located within: "reservoir-rain-modeling-linear" (xml:id)
ERROR   : * PTX:ERROR:   a cross-reference ("xref") uses references [sec-3-2-Solving_linear_inequalities] that do not point to any target, or perhaps point to multiple targets.  Maybe you typed an @xml:id value wrong, maybe the target of the @xml:id is nonexistent, or maybe you temporarily removed the target from your source, or maybe an auxiliary file contains a duplicate.  Your output will contain some placeholder text that you will not want to distribute to your readers.
ERROR   : * PTX:ERROR:   a cross-reference ("xref") uses references [sec-2-1-First_look_linear] that do not point to any target, or perhaps point to multiple targets.  Maybe you typed an @xml:id value wrong, maybe the target of the @xml:id is nonexistent, or maybe you temporarily removed the target from your source, or maybe an auxiliary file contains a duplicate.  Your output will contain some placeholder text that you will not want to distribute to your readers.
INFO    : *              located within: "plumber-rates-modeling-linear" (xml:id)
ERROR   : * PTX:ERROR:   a cross-reference ("xref") uses references [juan-coffee-order-operations] that do not point to any target, or perhaps point to multiple targets.  Maybe you typed an @xml:id value wrong, maybe the target of the @xml:id is nonexistent, or maybe you temporarily removed the target from your source, or maybe an auxiliary file contains a duplicate.  Your output will contain some placeholder text that you will not want to distribute to your readers.
INFO    : *              located within: "juan-coffee-systems-linear" (xml:id)
ERROR   : * PTX:ERROR:   a cross-reference ("xref") uses references [juan-coffee-tables-graphs] that do not point to any target, or perhaps point to multiple targets.  Maybe you typed an @xml:id value wrong, maybe the target of the @xml:id is nonexistent, or maybe you temporarily removed the target from your source, or maybe an auxiliary file contains a duplicate.  Your output will contain some placeholder text that you will not want to distribute to your readers.
ERROR   : * PTX:ERROR:   a cross-reference ("xref") uses references [weight-change-order-operations] that do not point to any target, or perhaps point to multiple targets.  Maybe you typed an @xml:id value wrong, maybe the target of the @xml:id is nonexistent, or maybe you temporarily removed the target from your source, or maybe an auxiliary file contains a duplicate.  Your output will contain some placeholder text that you will not want to distribute to your readers.
INFO    : *              located within: "weight-change-intercepts" (xml:id)
ERROR   : * PTX:ERROR:   a cross-reference ("xref") uses references [weight-change-algebraic-notation] that do not point to any target, or perhaps point to multiple targets.  Maybe you typed an @xml:id value wrong, maybe the target of the @xml:id is nonexistent, or maybe you temporarily removed the target from your source, or maybe an auxiliary file contains a duplicate.  Your output will contain some placeholder text that you will not want to distribute to your readers.
INFO    : successful application of /tmp/ptxcli_si1a3ybi/cli_xsl/custom-latex-workbook.xsl
INFO    : Removing temporary directory /tmp/ptx-1fpk4iv4
INFO    : Removing temporary directory /tmp/ptx-6n22be1n
INFO    : Removing temporary directory /tmp/ptx-6861xjw6
INFO    : 
Finished build for target workbook. The output is in /home/spencer/github/jea-summer-2025/output/workbook.

CRITICAL: There were errors during the build.  See above.
INFO    : ------------------------
CRITICAL: Failed to build without errors.  Exiting...
INFO    : 
----------------------------------------------------
INFO    : While running pretext, the following errors occurred:

INFO    : (see log messages above or in the 'logs' folder for more information)
INFO    : ----------------------------------------------------
