This is pdfTeX, Version 3.141592653-2.6-1.40.22 (TeX Live 2021) (preloaded format=pdflatex 2021.7.26)  25 AUG 2023 17:50
entering extended mode
 \write18 enabled.
 file:line:error style messages enabled.
 %&-line parsing enabled.
**Prelude.tex
(./Prelude.tex
LaTeX2e <2020-10-01> patch level 4
L3 programming layer <2021-02-18>

./Prelude.tex:2: LaTeX Error: No counter 'chapter' defined.

See the LaTeX manual or LaTeX Companion for explanation.
Type  H <return>  for immediate help.
 ...                                              
                                                  
l.2 \setcounter{chapter}{-1}
                            
? 
./Prelude.tex:2: Emergency stop.
 ...                                              
                                                  
l.2 \setcounter{chapter}{-1}
                            
Your command was ignored.
Type  I <command> <return>  to replace it with another command,
or  <return>  to continue without it.

 
Here is how much of TeX's memory you used:
 17 strings out of 478994
 520 string characters out of 5858184
 283044 words of memory out of 5000000
 17602 multiletter control sequences out of 15000+600000
 403430 words of font info for 27 fonts, out of 8000000 for 9000
 1141 hyphenation exceptions out of 8191
 13i,0n,15p,48b,14s stack positions out of 5000i,500n,10000p,200000b,80000s
./Prelude.tex:2:  ==> Fatal error occurred, no output PDF file produced!
